<?xml version="1.0" encoding="UTF-8"?>
<testng-results ignored="0" total="1" passed="1" failed="0" skipped="0">
  <reporter-output>
  </reporter-output>
  <suite started-at="2022-03-16T12:05:06Z" name="Default suite" finished-at="2022-03-16T12:05:37Z" duration-ms="30188">
    <groups>
      <group name="cucumber">
        <method signature="AbstractTestNGCucumberTests.feature(cucumber.api.testng.CucumberFeatureWrapper)[pri:0, instance:TestRunner.Runner@b83a9be]" name="feature" class="cucumber.api.testng.AbstractTestNGCucumberTests"/>
      </group> <!-- cucumber -->
    </groups>
    <test started-at="2022-03-16T12:05:06Z" name="Default test" finished-at="2022-03-16T12:05:37Z" duration-ms="30188">
      <class name="TestRunner.Runner">
        <test-method is-config="true" signature="setUpClass()[pri:0, instance:TestRunner.Runner@b83a9be]" started-at="2022-03-16T12:05:06Z" name="setUpClass" finished-at="2022-03-16T12:05:07Z" duration-ms="357" status="PASS">
          <reporter-output>
          </reporter-output>
        </test-method> <!-- setUpClass -->
        <test-method signature="feature(cucumber.api.testng.CucumberFeatureWrapper)[pri:0, instance:TestRunner.Runner@b83a9be]" started-at="2022-03-16T12:05:07Z" name="feature" description="Runs Cucumber Feature" data-provider="features" finished-at="2022-03-16T12:05:37Z" duration-ms="29626" status="PASS">
          <params>
            <param index="0">
              <value>
                <![CDATA[Check animation feature Hide Show Button]]>
              </value>
            </param>
          </params>
          <reporter-output>
          </reporter-output>
        </test-method> <!-- feature -->
        <test-method is-config="true" signature="tearDownClass()[pri:0, instance:TestRunner.Runner@b83a9be]" started-at="2022-03-16T12:05:37Z" name="tearDownClass" finished-at="2022-03-16T12:05:37Z" duration-ms="5" status="PASS">
          <reporter-output>
          </reporter-output>
        </test-method> <!-- tearDownClass -->
      </class> <!-- TestRunner.Runner -->
    </test> <!-- Default test -->
  </suite> <!-- Default suite -->
</testng-results>
